<?xml version="1.0" encoding="UTF-8"?>
<testng-results ignored="0" total="2" passed="2" failed="0" skipped="0">
  <reporter-output>
  </reporter-output>
  <suite started-at="2022-04-16T03:23:20Z" name="Default suite" finished-at="2022-04-16T03:25:33Z" duration-ms="132674">
    <groups>
    </groups>
    <test started-at="2022-04-16T03:23:20Z" name="Default test" finished-at="2022-04-16T03:25:33Z" duration-ms="132674">
      <class name="mavenScript.FirstScript">
        <test-method signature="ReadData()[pri:0, instance:mavenScript.FirstScript@51c668e3]" started-at="2022-04-16T08:53:20Z" name="ReadData" finished-at="2022-04-16T08:53:20Z" duration-ms="66" status="PASS">
          <reporter-output>
          </reporter-output>
        </test-method> <!-- ReadData -->
        <test-method signature="demo()[pri:0, instance:mavenScript.FirstScript@51c668e3]" started-at="2022-04-16T08:53:20Z" name="demo" finished-at="2022-04-16T08:55:33Z" duration-ms="132478" status="PASS">
          <reporter-output>
          </reporter-output>
        </test-method> <!-- demo -->
      </class> <!-- mavenScript.FirstScript -->
    </test> <!-- Default test -->
  </suite> <!-- Default suite -->
</testng-results>
